<?xml version="1.0" encoding="UTF-8"?>
<testsuite xmlns:xsi="http://www.w3.org/2001/XMLSchema-instance" xsi:noNamespaceSchemaLocation="https://maven.apache.org/surefire/maven-surefire-plugin/xsd/surefire-test-report.xsd" version="3.0.2" name="com.permuta.adapter.teacherCode.controller.UsuarioTest" time="0.023" tests="35" errors="0" skipped="0" failures="1">
  <properties>
[...]
</properties>
  <testcase name="crearUsuarioDTO_FormularioInvalido_LanzaValidationException_ContrasenaSinMayuscula" classname="crearUsuarioDTO_FormularioInvalido_LanzaValidationException_ContrasenaSinMayuscula()" time="0.0"/>
  <testcase name="consultarPerfil_IdInvalido_RetornaNull" classname="consultarPerfil_IdInvalido_RetornaNull()" time="0.001"/>
  <testcase name="crearUsuarioDTO_FormularioInvalido_LanzaValidationException_ContrasenaObligatoria" classname="crearUsuarioDTO_FormularioInvalido_LanzaValidationException_ContrasenaObligatoria()" time="0.001"/>
  <testcase name="consultarPerfil_IdValido_RetornaUsuarioDTO" classname="consultarPerfil_IdValido_RetornaUsuarioDTO()" time="0.0"/>
  <testcase name="crearUsuarioDTO_FormularioInvalido_LanzaValidationException_ContrasenaMenor8Caracteres" classname="crearUsuarioDTO_FormularioInvalido_LanzaValidationException_ContrasenaMenor8Caracteres()" time="0.001"/>
  <testcase name="crearUsuarioDTO_FormularioInvalido_LanzaValidationException_NombreRealObligatorio" classname="crearUsuarioDTO_FormularioInvalido_LanzaValidationException_NombreRealObligatorio()" time="0.0"/>
  <testcase name="crearUsuarioDTO_FormularioInvalido_LanzaValidationException_NombreObligatorio" classname="crearUsuarioDTO_FormularioInvalido_LanzaValidationException_NombreObligatorio()" time="0.001"/>
  <testcase name="crearUsuarioDTO_FormularioValido_RetornaUsuarioDTO" classname="crearUsuarioDTO_FormularioValido_RetornaUsuarioDTO()" time="0.0"/>
  <testcase name="crearUsuarioDTO_FormularioInvalido_LanzaValidationException_NombreMenor3Caracteres" classname="crearUsuarioDTO_FormularioInvalido_LanzaValidationException_NombreMenor3Caracteres()" time="0.001"/>
  <testcase name="crearUsuarioDTO_FormularioInvalido_LanzaValidationException_NombreConCaracteresInvalidos" classname="crearUsuarioDTO_FormularioInvalido_LanzaValidationException_NombreConCaracteresInvalidos()" time="0.0"/>
  <testcase name="crearUsuarioDTO_FormularioInvalido_LanzaValidationException_FechaNacimientoMenor13Anos" classname="crearUsuarioDTO_FormularioInvalido_LanzaValidationException_FechaNacimientoMenor13Anos()" time="0.001"/>
  <testcase name="crearUsuarioDTO_FormularioValido_AvatarNulo_Permitido" classname="crearUsuarioDTO_FormularioValido_AvatarNulo_Permitido()" time="0.0"/>
  <testcase name="consultarSaldo_IdValido_RetornaSaldo" classname="consultarSaldo_IdValido_RetornaSaldo()" time="0.0"/>
  <testcase name="crearUsuarioDTO_FormularioInvalido_LanzaValidationException_AvatarMayor100Caracteres" classname="crearUsuarioDTO_FormularioInvalido_LanzaValidationException_AvatarMayor100Caracteres()" time="0.0"/>
  <testcase name="crearUsuarioDTO_FormularioInvalido_LanzaValidationException_NombreRealMenor2Caracteres" classname="crearUsuarioDTO_FormularioInvalido_LanzaValidationException_NombreRealMenor2Caracteres()" time="0.0"/>
  <testcase name="crearUsuarioDTO_FormularioInvalido_LanzaValidationException_EmailFormatoInvalido" classname="crearUsuarioDTO_FormularioInvalido_LanzaValidationException_EmailFormatoInvalido()" time="0.001"/>
  <testcase name="crearUsuarioDTO_FormularioInvalido_LanzaValidationException_ContrasenaSinNumero" classname="crearUsuarioDTO_FormularioInvalido_LanzaValidationException_ContrasenaSinNumero()" time="0.0"/>
  <testcase name="crearUsuarioDTO_FormularioValido_FechaRegistroGeneradaAutomaticamente" classname="crearUsuarioDTO_FormularioValido_FechaRegistroGeneradaAutomaticamente()" time="0.001"/>
  <testcase name="crearUsuarioDTO_FormularioInvalido_LanzaValidationException_NombreNoUnico" classname="crearUsuarioDTO_FormularioInvalido_LanzaValidationException_NombreNoUnico()" time="0.0"/>
  <testcase name="consultarPerfil_NombreUsuarioValido_RetornaUsuarioDTO" classname="consultarPerfil_NombreUsuarioValido_RetornaUsuarioDTO()" time="0.001"/>
  <testcase name="aniadirSaldo_IdValido_CantidadValida_RetornaUsuarioDTOConSaldoActualizado" classname="aniadirSaldo_IdValido_CantidadValida_RetornaUsuarioDTOConSaldoActualizado()" time="0.0"/>
  <testcase name="crearUsuarioDTO_FormularioInvalido_LanzaValidationException_NombreEmpiezaConNumero" classname="crearUsuarioDTO_FormularioInvalido_LanzaValidationException_NombreEmpiezaConNumero()" time="0.001"/>
  <testcase name="crearUsuarioDTO_FormularioInvalido_LanzaValidationException_NombreMayor20Caracteres" classname="crearUsuarioDTO_FormularioInvalido_LanzaValidationException_NombreMayor20Caracteres()" time="0.0"/>
  <testcase name="crearUsuarioDTO_FormularioInvalido_LanzaValidationException_FechaNacimientoFutura" classname="crearUsuarioDTO_FormularioInvalido_LanzaValidationException_FechaNacimientoFutura()" time="0.001"/>
  <testcase name="crearUsuarioDTO_FormularioInvalido_LanzaValidationException_EmailNoUnico" classname="crearUsuarioDTO_FormularioInvalido_LanzaValidationException_EmailNoUnico()" time="0.0"/>
  <testcase name="consultarSaldo_IdInvalido_LanzaValidationException" classname="consultarSaldo_IdInvalido_LanzaValidationException()" time="0.001"/>
  <testcase name="crearUsuarioDTO_FormularioInvalido_LanzaValidationException_NombreRealMayor50Caracteres" classname="crearUsuarioDTO_FormularioInvalido_LanzaValidationException_NombreRealMayor50Caracteres()" time="0.0"/>
  <testcase name="crearUsuarioDTO_FormularioInvalido_LanzaValidationException_EmailObligatorio" classname="crearUsuarioDTO_FormularioInvalido_LanzaValidationException_EmailObligatorio()" time="0.001"/>
  <testcase name="aniadirSaldo_CantidadNoValida_LanzaValidationException" classname="aniadirSaldo_CantidadNoValida_LanzaValidationException()" time="0.001"/>
  <testcase name="crearUsuarioDTO_FormularioInvalido_LanzaValidationException_PaisObligatorio" classname="crearUsuarioDTO_FormularioInvalido_LanzaValidationException_PaisObligatorio()" time="0.001"/>
  <testcase name="aniadirSaldo_IdInvalido_LanzaValidationException" classname="aniadirSaldo_IdInvalido_LanzaValidationException()" time="0.0">
    <failure message="Unexpected exception type thrown ==&gt; expected: &lt;com.permuta.adapter.teacherCode.excepciones.ValidationException&gt; but was: &lt;java.util.NoSuchElementException&gt;" type="org.opentest4j.AssertionFailedError"><![CDATA[org.opentest4j.AssertionFailedError: Unexpected exception type thrown ==> expected: <com.permuta.adapter.teacherCode.excepciones.ValidationException> but was: <java.util.NoSuchElementException>
	at org.junit.jupiter.api.AssertThrows.assertThrows(AssertThrows.java:65)
	at org.junit.jupiter.api.AssertThrows.assertThrows(AssertThrows.java:37)
	at org.junit.jupiter.api.Assertions.assertThrows(Assertions.java:2952)
	at com.permuta.adapter.teacherCode.controller.UsuarioTest.aniadirSaldo_IdInvalido_LanzaValidationException(UsuarioTest.java:486)
	at java.base/jdk.internal.reflect.DirectMethodHandleAccessor.invoke(DirectMethodHandleAccessor.java:104)
	at java.base/java.lang.reflect.Method.invoke(Method.java:565)
	at org.junit.platform.commons.util.ReflectionUtils.invokeMethod(ReflectionUtils.java:686)
	at org.junit.jupiter.engine.execution.MethodInvocation.proceed(MethodInvocation.java:60)
	at org.junit.jupiter.engine.execution.InvocationInterceptorChain$ValidatingInvocation.proceed(InvocationInterceptorChain.java:131)
	at org.junit.jupiter.engine.extension.TimeoutExtension.intercept(TimeoutExtension.java:149)
	at org.junit.jupiter.engine.extension.TimeoutExtension.interceptTestableMethod(TimeoutExtension.java:140)
	at org.junit.jupiter.engine.extension.TimeoutExtension.interceptTestMethod(TimeoutExtension.java:84)
	at org.junit.jupiter.engine.execution.ExecutableInvoker$ReflectiveInterceptorCall.lambda$ofVoidMethod$0(ExecutableInvoker.java:115)
	at org.junit.jupiter.engine.execution.ExecutableInvoker.lambda$invoke$0(ExecutableInvoker.java:105)
	at org.junit.jupiter.engine.execution.InvocationInterceptorChain$InterceptedInvocation.proceed(InvocationInterceptorChain.java:106)
	at org.junit.jupiter.engine.execution.InvocationInterceptorChain.proceed(InvocationInterceptorChain.java:64)
	at org.junit.jupiter.engine.execution.InvocationInterceptorChain.chainAndInvoke(InvocationInterceptorChain.java:45)
	at org.junit.jupiter.engine.execution.InvocationInterceptorChain.invoke(InvocationInterceptorChain.java:37)
	at org.junit.jupiter.engine.execution.ExecutableInvoker.invoke(ExecutableInvoker.java:104)
	at org.junit.jupiter.engine.execution.ExecutableInvoker.invoke(ExecutableInvoker.java:98)
	at org.junit.jupiter.engine.descriptor.TestMethodTestDescriptor.lambda$invokeTestMethod$6(TestMethodTestDescriptor.java:205)
	at org.junit.platform.engine.support.hierarchical.ThrowableCollector.execute(ThrowableCollector.java:73)
	at org.junit.jupiter.engine.descriptor.TestMethodTestDescriptor.invokeTestMethod(TestMethodTestDescriptor.java:201)
	at org.junit.jupiter.engine.descriptor.TestMethodTestDescriptor.execute(TestMethodTestDescriptor.java:137)
	at org.junit.jupiter.engine.descriptor.TestMethodTestDescriptor.execute(TestMethodTestDescriptor.java:71)
	at org.junit.platform.engine.support.hierarchical.NodeTestTask.lambda$executeRecursively$5(NodeTestTask.java:135)
	at org.junit.platform.engine.support.hierarchical.ThrowableCollector.execute(ThrowableCollector.java:73)
	at org.junit.platform.engine.support.hierarchical.NodeTestTask.lambda$executeRecursively$7(NodeTestTask.java:125)
	at org.junit.platform.engine.support.hierarchical.Node.around(Node.java:135)
	at org.junit.platform.engine.support.hierarchical.NodeTestTask.lambda$executeRecursively$8(NodeTestTask.java:123)
	at org.junit.platform.engine.support.hierarchical.ThrowableCollector.execute(ThrowableCollector.java:73)
	at org.junit.platform.engine.support.hierarchical.NodeTestTask.executeRecursively(NodeTestTask.java:122)
	at org.junit.platform.engine.support.hierarchical.NodeTestTask.execute(NodeTestTask.java:80)
	at java.base/java.util.ArrayList.forEach(ArrayList.java:1604)
	at org.junit.platform.engine.support.hierarchical.SameThreadHierarchicalTestExecutorService.invokeAll(SameThreadHierarchicalTestExecutorService.java:38)
	at org.junit.platform.engine.support.hierarchical.NodeTestTask.lambda$executeRecursively$5(NodeTestTask.java:139)
	at org.junit.platform.engine.support.hierarchical.ThrowableCollector.execute(ThrowableCollector.java:73)
	at org.junit.platform.engine.support.hierarchical.NodeTestTask.lambda$executeRecursively$7(NodeTestTask.java:125)
	at org.junit.platform.engine.support.hierarchical.Node.around(Node.java:135)
	at org.junit.platform.engine.support.hierarchical.NodeTestTask.lambda$executeRecursively$8(NodeTestTask.java:123)
	at org.junit.platform.engine.support.hierarchical.ThrowableCollector.execute(ThrowableCollector.java:73)
	at org.junit.platform.engine.support.hierarchical.NodeTestTask.executeRecursively(NodeTestTask.java:122)
	at org.junit.platform.engine.support.hierarchical.NodeTestTask.execute(NodeTestTask.java:80)
	at java.base/java.util.ArrayList.forEach(ArrayList.java:1604)
	at org.junit.platform.engine.support.hierarchical.SameThreadHierarchicalTestExecutorService.invokeAll(SameThreadHierarchicalTestExecutorService.java:38)
	at org.junit.platform.engine.support.hierarchical.NodeTestTask.lambda$executeRecursively$5(NodeTestTask.java:139)
	at org.junit.platform.engine.support.hierarchical.ThrowableCollector.execute(ThrowableCollector.java:73)
	at org.junit.platform.engine.support.hierarchical.NodeTestTask.lambda$executeRecursively$7(NodeTestTask.java:125)
	at org.junit.platform.engine.support.hierarchical.Node.around(Node.java:135)
	at org.junit.platform.engine.support.hierarchical.NodeTestTask.lambda$executeRecursively$8(NodeTestTask.java:123)
	at org.junit.platform.engine.support.hierarchical.ThrowableCollector.execute(ThrowableCollector.java:73)
	at org.junit.platform.engine.support.hierarchical.NodeTestTask.executeRecursively(NodeTestTask.java:122)
	at org.junit.platform.engine.support.hierarchical.NodeTestTask.execute(NodeTestTask.java:80)
	at org.junit.platform.engine.support.hierarchical.SameThreadHierarchicalTestExecutorService.submit(SameThreadHierarchicalTestExecutorService.java:32)
	at org.junit.platform.engine.support.hierarchical.HierarchicalTestExecutor.execute(HierarchicalTestExecutor.java:57)
	at org.junit.platform.engine.support.hierarchical.HierarchicalTestEngine.execute(HierarchicalTestEngine.java:51)
	at org.junit.platform.launcher.core.DefaultLauncher.execute(DefaultLauncher.java:248)
	at org.junit.platform.launcher.core.DefaultLauncher.lambda$execute$5(DefaultLauncher.java:211)
	at org.junit.platform.launcher.core.DefaultLauncher.withInterceptedStreams(DefaultLauncher.java:226)
	at org.junit.platform.launcher.core.DefaultLauncher.execute(DefaultLauncher.java:199)
	at org.junit.platform.launcher.core.DefaultLauncher.execute(DefaultLauncher.java:132)
	at org.apache.maven.surefire.junitplatform.LauncherAdapter.executeWithoutCancellationToken(LauncherAdapter.java:60)
	at org.apache.maven.surefire.junitplatform.LauncherAdapter.execute(LauncherAdapter.java:52)
	at org.apache.maven.surefire.junitplatform.JUnitPlatformProvider.execute(JUnitPlatformProvider.java:203)
	at org.apache.maven.surefire.junitplatform.JUnitPlatformProvider.invokeAllTests(JUnitPlatformProvider.java:168)
	at org.apache.maven.surefire.junitplatform.JUnitPlatformProvider.invoke(JUnitPlatformProvider.java:136)
	at org.apache.maven.surefire.booter.ForkedBooter.runSuitesInProcess(ForkedBooter.java:385)
	at org.apache.maven.surefire.booter.ForkedBooter.execute(ForkedBooter.java:162)
	at org.apache.maven.surefire.booter.ForkedBooter.run(ForkedBooter.java:507)
	at org.apache.maven.surefire.booter.ForkedBooter.main(ForkedBooter.java:495)
Caused by: java.util.NoSuchElementException: No value present
	at java.base/java.util.Optional.get(Optional.java:143)
	at org.alexyivan.controlador.UsuarioControlador.anhadirSaldo(UsuarioControlador.java:123)
	at com.permuta.adapter.Alex.UsuarioAdapter.aniadirSaldo(UsuarioAdapter.java:61)
	at com.permuta.adapter.teacherCode.controller.UsuarioTest.lambda$aniadirSaldo_IdInvalido_LanzaValidationException$0(UsuarioTest.java:487)
	at org.junit.jupiter.api.AssertThrows.assertThrows(AssertThrows.java:55)
	... 69 more
]]></failure>
  </testcase>
  <testcase name="consultarPerfil_NombreUsuarioInvalido_RetornaNull" classname="consultarPerfil_NombreUsuarioInvalido_RetornaNull()" time="0.0"/>
  <testcase name="crearUsuarioDTO_FormularioInvalido_LanzaValidationException_PaisNoValido" classname="crearUsuarioDTO_FormularioInvalido_LanzaValidationException_PaisNoValido()" time="0.001"/>
  <testcase name="crearUsuarioDTO_FormularioInvalido_LanzaValidationException_FechaNacimientoObligatoria" classname="crearUsuarioDTO_FormularioInvalido_LanzaValidationException_FechaNacimientoObligatoria()" time="0.002"/>
  <testcase name="crearUsuarioDTO_FormularioInvalido_LanzaValidationException_ContrasenaSinMinuscula" classname="crearUsuarioDTO_FormularioInvalido_LanzaValidationException_ContrasenaSinMinuscula()" time="0.0"/>
</testsuite>